ICEMAN-client/com.teamunemployment.breadcrumbs/build/outputs/logs/manifest-merger-release-report.txt
-- Merging decision tree log ---
manifest
ADDED from ICEMAN-client\com.teamunemployment.breadcrumbs\AndroidManifest.xml:2:1-181:12
	xmlns:android
		ADDED from ICEMAN-client\com.teamunemployment.breadcrumbs\AndroidManifest.xml:2:11-69
	package
		ADDED from ICEMAN-client\com.teamunemployment.breadcrumbs\AndroidManifest.xml:4:5-47
	android:versionName
		ADDED from ICEMAN-client\com.teamunemployment.breadcrumbs\AndroidManifest.xml:6:5-28
		INJECTED from ICEMAN-client\com.teamunemployment.breadcrumbs\AndroidManifest.xml
		INJECTED from ICEMAN-client\com.teamunemployment.breadcrumbs\AndroidManifest.xml
	android:versionCode
		ADDED from ICEMAN-client\com.teamunemployment.breadcrumbs\AndroidManifest.xml:5:5-28
		INJECTED from ICEMAN-client\com.teamunemployment.breadcrumbs\AndroidManifest.xml
		INJECTED from ICEMAN-client\com.teamunemployment.breadcrumbs\AndroidManifest.xml
permission#com.teamunemployment.breadcrumbs.permission.C2D_MESSAGE
ADDED from ICEMAN-client\com.teamunemployment.breadcrumbs\AndroidManifest.xml:8:5-9:47
	android:protectionLevel
		ADDED from ICEMAN-client\com.teamunemployment.breadcrumbs\AndroidManifest.xml:9:9-44
	android:name
		ADDED from ICEMAN-client\com.teamunemployment.breadcrumbs\AndroidManifest.xml:8:17-87
uses-permission#android.permission.INTERNET
ADDED from ICEMAN-client\com.teamunemployment.breadcrumbs\AndroidManifest.xml:11:2-63
MERGED from [com.google.android.gms:play-services-measurement:8.3.0] AndroidManifest.xml:21:5-67
MERGED from [com.google.android.gms:play-services-gcm:8.3.0] AndroidManifest.xml:22:5-67
MERGED from [com.google.android.gms:play-services-measurement:8.3.0] AndroidManifest.xml:21:5-67
MERGED from [com.google.android.gms:play-services-maps:8.3.0] AndroidManifest.xml:21:5-66
MERGED from [com.google.android.gms:play-services-maps:8.3.0] AndroidManifest.xml:21:5-66
MERGED from [com.google.android.exoplayer:exoplayer:r1.4.2] AndroidManifest.xml:29:5-67
	android:name
		ADDED from ICEMAN-client\com.teamunemployment.breadcrumbs\AndroidManifest.xml:11:19-61
uses-permission#android.permission.WAKE_LOCK
ADDED from ICEMAN-client\com.teamunemployment.breadcrumbs\AndroidManifest.xml:12:5-67
MERGED from [com.google.android.gms:play-services-measurement:8.3.0] AndroidManifest.xml:24:5-67
MERGED from [com.google.android.gms:play-services-measurement:8.3.0] AndroidManifest.xml:24:5-67
	android:name
		ADDED from ICEMAN-client\com.teamunemployment.breadcrumbs\AndroidManifest.xml:12:22-65
uses-permission#android.permission.ACCESS_NETWORK_STATE
ADDED from ICEMAN-client\com.teamunemployment.breadcrumbs\AndroidManifest.xml:13:2-75
MERGED from [com.google.android.gms:play-services-measurement:8.3.0] AndroidManifest.xml:22:5-79
MERGED from [com.google.android.gms:play-services-measurement:8.3.0] AndroidManifest.xml:22:5-79
MERGED from [com.google.android.gms:play-services-maps:8.3.0] AndroidManifest.xml:20:5-78
MERGED from [com.google.android.gms:play-services-maps:8.3.0] AndroidManifest.xml:20:5-78
	android:name
		ADDED from ICEMAN-client\com.teamunemployment.breadcrumbs\AndroidManifest.xml:13:19-73
uses-permission#android.permission.RECEIVE_BOOT_COMPLETED
ADDED from ICEMAN-client\com.teamunemployment.breadcrumbs\AndroidManifest.xml:14:5-81
	android:name
		ADDED from ICEMAN-client\com.teamunemployment.breadcrumbs\AndroidManifest.xml:14:22-78
uses-permission#android.permission.WRITE_EXTERNAL_STORAGE
ADDED from ICEMAN-client\com.teamunemployment.breadcrumbs\AndroidManifest.xml:15:2-77
MERGED from [com.google.android.exoplayer:exoplayer:r1.4.2] AndroidManifest.xml:33:5-81
	android:name
		ADDED from ICEMAN-client\com.teamunemployment.breadcrumbs\AndroidManifest.xml:15:19-75
uses-permission#com.google.android.providers.gsf.permission.READ_GSERVICES
ADDED from ICEMAN-client\com.teamunemployment.breadcrumbs\AndroidManifest.xml:16:2-94
	android:name
		ADDED from ICEMAN-client\com.teamunemployment.breadcrumbs\AndroidManifest.xml:16:19-92
uses-permission#com.teamunemployment.breadcrumbs.permission.C2D_MESSAGE
ADDED from ICEMAN-client\com.teamunemployment.breadcrumbs\AndroidManifest.xml:17:5-94
	android:name
		ADDED from ICEMAN-client\com.teamunemployment.breadcrumbs\AndroidManifest.xml:17:22-92
uses-permission#android.permission.ACCESS_COARSE_LOCATION
ADDED from ICEMAN-client\com.teamunemployment.breadcrumbs\AndroidManifest.xml:18:2-77
	android:name
		ADDED from ICEMAN-client\com.teamunemployment.breadcrumbs\AndroidManifest.xml:18:19-75
uses-permission#android.permission.ACCESS_FINE_LOCATION
ADDED from ICEMAN-client\com.teamunemployment.breadcrumbs\AndroidManifest.xml:19:2-75
	android:name
		ADDED from ICEMAN-client\com.teamunemployment.breadcrumbs\AndroidManifest.xml:19:19-73
uses-permission#android.permission.CAMERA
ADDED from ICEMAN-client\com.teamunemployment.breadcrumbs\AndroidManifest.xml:20:2-61
	android:name
		ADDED from ICEMAN-client\com.teamunemployment.breadcrumbs\AndroidManifest.xml:20:19-59
uses-permission#android.permission.RECORD_AUDIO
ADDED from ICEMAN-client\com.teamunemployment.breadcrumbs\AndroidManifest.xml:21:5-71
	android:name
		ADDED from ICEMAN-client\com.teamunemployment.breadcrumbs\AndroidManifest.xml:21:22-68
uses-permission#com.google.android.c2dm.permission.SEND
ADDED from ICEMAN-client\com.teamunemployment.breadcrumbs\AndroidManifest.xml:22:5-78
	android:name
		ADDED from ICEMAN-client\com.teamunemployment.breadcrumbs\AndroidManifest.xml:22:22-76
uses-permission#com.google.android.c2dm.permission.RECEIVE
ADDED from ICEMAN-client\com.teamunemployment.breadcrumbs\AndroidManifest.xml:23:5-82
MERGED from [com.google.android.gms:play-services-gcm:8.3.0] AndroidManifest.xml:21:5-82
	android:name
		ADDED from ICEMAN-client\com.teamunemployment.breadcrumbs\AndroidManifest.xml:23:22-79
uses-feature#android.hardware.camera
ADDED from ICEMAN-client\com.teamunemployment.breadcrumbs\AndroidManifest.xml:24:5-60
	android:name
		ADDED from ICEMAN-client\com.teamunemployment.breadcrumbs\AndroidManifest.xml:24:19-57
uses-feature#0x00020000
ADDED from ICEMAN-client\com.teamunemployment.breadcrumbs\AndroidManifest.xml:27:2-29:34
MERGED from [com.google.android.gms:play-services-maps:8.3.0] AndroidManifest.xml:22:5-24:33
MERGED from [com.google.android.gms:play-services-maps:8.3.0] AndroidManifest.xml:22:5-24:33
	android:required
		ADDED from ICEMAN-client\com.teamunemployment.breadcrumbs\AndroidManifest.xml:29:9-32
	android:glEsVersion
		ADDED from ICEMAN-client\com.teamunemployment.breadcrumbs\AndroidManifest.xml:28:9-41
uses-sdk
ADDED from ICEMAN-client\com.teamunemployment.breadcrumbs\AndroidManifest.xml:31:5-32:38
MERGED from [com.android.support:multidex:1.0.1] AndroidManifest.xml:18:5-42
MERGED from [com.google.android.gms:play-services-measurement:8.3.0] AndroidManifest.xml:18:5-42
MERGED from [com.google.android.gms:play-services-basement:8.3.0] AndroidManifest.xml:18:5-42
MERGED from [com.android.support:support-v4:23.0.1] AndroidManifest.xml:20:5-43
MERGED from [com.android.support:support-v13:21.0.3] AndroidManifest.xml:15:5-43
MERGED from [com.android.support:support-v4:23.0.1] AndroidManifest.xml:20:5-43
MERGED from [com.google.android.gms:play-services-gcm:8.3.0] AndroidManifest.xml:18:5-42
MERGED from [com.google.android.gms:play-services-base:8.3.0] AndroidManifest.xml:18:5-42
MERGED from [com.google.android.gms:play-services-basement:8.3.0] AndroidManifest.xml:18:5-42
MERGED from [com.android.support:support-v4:23.0.1] AndroidManifest.xml:20:5-43
MERGED from [com.google.android.gms:play-services-measurement:8.3.0] AndroidManifest.xml:18:5-42
MERGED from [com.google.android.gms:play-services-basement:8.3.0] AndroidManifest.xml:18:5-42
MERGED from [com.android.support:support-v4:23.0.1] AndroidManifest.xml:20:5-43
MERGED from [com.google.android.gms:play-services-identity:8.3.0] AndroidManifest.xml:18:5-42
MERGED from [com.google.android.gms:play-services-base:8.3.0] AndroidManifest.xml:18:5-42
MERGED from [com.google.android.gms:play-services-basement:8.3.0] AndroidManifest.xml:18:5-42
MERGED from [com.android.support:support-v4:23.0.1] AndroidManifest.xml:20:5-43
MERGED from [com.google.android.gms:play-services-location:8.3.0] AndroidManifest.xml:18:5-42
MERGED from [com.google.android.gms:play-services-base:8.3.0] AndroidManifest.xml:18:5-42
MERGED from [com.google.android.gms:play-services-basement:8.3.0] AndroidManifest.xml:18:5-42
MERGED from [com.android.support:support-v4:23.0.1] AndroidManifest.xml:20:5-43
MERGED from [com.google.android.gms:play-services-maps:8.3.0] AndroidManifest.xml:26:5-42
MERGED from [com.google.android.gms:play-services-base:8.3.0] AndroidManifest.xml:18:5-42
MERGED from [com.google.android.gms:play-services-basement:8.3.0] AndroidManifest.xml:18:5-42
MERGED from [com.android.support:support-v4:23.0.1] AndroidManifest.xml:20:5-43
MERGED from [com.google.android.gms:play-services-maps:8.3.0] AndroidManifest.xml:26:5-42
MERGED from [com.google.android.gms:play-services-base:8.3.0] AndroidManifest.xml:18:5-42
MERGED from [com.google.android.gms:play-services-basement:8.3.0] AndroidManifest.xml:18:5-42
MERGED from [com.android.support:support-v4:23.0.1] AndroidManifest.xml:20:5-43
MERGED from [com.sothree.slidinguppanel:library:3.0.0] AndroidManifest.xml:7:5-43
MERGED from [com.android.support:support-v4:23.0.1] AndroidManifest.xml:20:5-43
MERGED from [com.pkmmte.view:circularimageview:1.1] AndroidManifest.xml:7:5-9:41
MERGED from [com.mapbox.mapboxsdk:mapbox-android-sdk:0.7.3] AndroidManifest.xml:5:5-7:41
MERGED from [com.android.support:support-v4:23.0.1] AndroidManifest.xml:20:5-43
MERGED from [com.google.maps.android:android-maps-utils:0.3.4] AndroidManifest.xml:5:5-43
MERGED from [com.getbase:floatingactionbutton:1.9.0] AndroidManifest.xml:8:5-10:41
MERGED from [com.android.support:design:22.2.0] AndroidManifest.xml:20:5-43
MERGED from [com.android.support:appcompat-v7:22.2.1] AndroidManifest.xml:20:5-43
MERGED from [com.android.support:support-v4:23.0.1] AndroidManifest.xml:20:5-43
MERGED from [com.android.support:support-v4:23.0.1] AndroidManifest.xml:20:5-43
MERGED from [com.android.support:appcompat-v7:22.2.1] AndroidManifest.xml:20:5-43
MERGED from [com.android.support:support-v4:23.0.1] AndroidManifest.xml:20:5-43
MERGED from [com.android.support:recyclerview-v7:22.2.1] AndroidManifest.xml:20:5-43
MERGED from [com.android.support:support-v4:23.0.1] AndroidManifest.xml:20:5-43
MERGED from [com.android.support:cardview-v7:22.2.0] AndroidManifest.xml:20:5-43
MERGED from [com.android.support:support-v4:23.0.1] AndroidManifest.xml:20:5-43
MERGED from [com.google.android.exoplayer:exoplayer:r1.4.2] AndroidManifest.xml:24:5-26:41
MERGED from [com.facebook.android:facebook-android-sdk:4.8.0] AndroidManifest.xml:24:5-26:41
MERGED from [com.android.support:support-v4:23.0.1] AndroidManifest.xml:20:5-43
MERGED from [com.android.support:multidex:1.0.1] AndroidManifest.xml:18:5-42
MERGED from [com.sromku:simple-fb:4.1.1] AndroidManifest.xml:8:5-10:41
MERGED from [com.facebook.android:facebook-android-sdk:4.8.0] AndroidManifest.xml:24:5-26:41
MERGED from [com.android.support:support-v4:23.0.1] AndroidManifest.xml:20:5-43
MERGED from [com.android.support:multidex:1.0.1] AndroidManifest.xml:18:5-42
MERGED from [com.github.medyo:fancybuttons:1.6] AndroidManifest.xml:7:5-9:41
	android:targetSdkVersion
		INJECTED from ICEMAN-client\com.teamunemployment.breadcrumbs\AndroidManifest.xml
		INJECTED from ICEMAN-client\com.teamunemployment.breadcrumbs\AndroidManifest.xml
	android:minSdkVersion
		ADDED from ICEMAN-client\com.teamunemployment.breadcrumbs\AndroidManifest.xml:32:9-35
application
ADDED from ICEMAN-client\com.teamunemployment.breadcrumbs\AndroidManifest.xml:34:5-179:19
MERGED from [com.google.android.gms:play-services-measurement:8.3.0] AndroidManifest.xml:26:5-46:19
MERGED from [com.google.android.gms:play-services-basement:8.3.0] AndroidManifest.xml:20:5-24:19
MERGED from [com.android.support:support-v4:23.0.1] AndroidManifest.xml:22:5-20
MERGED from [com.android.support:support-v13:21.0.3] AndroidManifest.xml:16:5-19
MERGED from [com.android.support:support-v4:23.0.1] AndroidManifest.xml:22:5-20
MERGED from [com.google.android.gms:play-services-gcm:8.3.0] AndroidManifest.xml:24:5-20
MERGED from [com.google.android.gms:play-services-basement:8.3.0] AndroidManifest.xml:20:5-24:19
MERGED from [com.android.support:support-v4:23.0.1] AndroidManifest.xml:22:5-20
MERGED from [com.google.android.gms:play-services-measurement:8.3.0] AndroidManifest.xml:26:5-46:19
MERGED from [com.google.android.gms:play-services-basement:8.3.0] AndroidManifest.xml:20:5-24:19
MERGED from [com.android.support:support-v4:23.0.1] AndroidManifest.xml:22:5-20
MERGED from [com.google.android.gms:play-services-identity:8.3.0] AndroidManifest.xml:19:5-20
MERGED from [com.google.android.gms:play-services-basement:8.3.0] AndroidManifest.xml:20:5-24:19
MERGED from [com.android.support:support-v4:23.0.1] AndroidManifest.xml:22:5-20
MERGED from [com.google.android.gms:play-services-location:8.3.0] AndroidManifest.xml:19:5-20
MERGED from [com.google.android.gms:play-services-basement:8.3.0] AndroidManifest.xml:20:5-24:19
MERGED from [com.android.support:support-v4:23.0.1] AndroidManifest.xml:22:5-20
MERGED from [com.google.android.gms:play-services-maps:8.3.0] AndroidManifest.xml:27:5-20
MERGED from [com.google.android.gms:play-services-basement:8.3.0] AndroidManifest.xml:20:5-24:19
MERGED from [com.android.support:support-v4:23.0.1] AndroidManifest.xml:22:5-20
MERGED from [com.google.android.gms:play-services-maps:8.3.0] AndroidManifest.xml:27:5-20
MERGED from [com.google.android.gms:play-services-basement:8.3.0] AndroidManifest.xml:20:5-24:19
MERGED from [com.android.support:support-v4:23.0.1] AndroidManifest.xml:22:5-20
MERGED from [com.sothree.slidinguppanel:library:3.0.0] AndroidManifest.xml:9:5-20
MERGED from [com.android.support:support-v4:23.0.1] AndroidManifest.xml:22:5-20
MERGED from [com.pkmmte.view:circularimageview:1.1] AndroidManifest.xml:11:5-20
MERGED from [com.mapbox.mapboxsdk:mapbox-android-sdk:0.7.3] AndroidManifest.xml:9:5-47
MERGED from [com.android.support:support-v4:23.0.1] AndroidManifest.xml:22:5-20
MERGED from [com.google.maps.android:android-maps-utils:0.3.4] AndroidManifest.xml:7:5-20
MERGED from [com.getbase:floatingactionbutton:1.9.0] AndroidManifest.xml:12:5-20
MERGED from [com.android.support:design:22.2.0] AndroidManifest.xml:22:5-20
MERGED from [com.android.support:appcompat-v7:22.2.1] AndroidManifest.xml:22:5-20
MERGED from [com.android.support:support-v4:23.0.1] AndroidManifest.xml:22:5-20
MERGED from [com.android.support:support-v4:23.0.1] AndroidManifest.xml:22:5-20
MERGED from [com.android.support:appcompat-v7:22.2.1] AndroidManifest.xml:22:5-20
MERGED from [com.android.support:support-v4:23.0.1] AndroidManifest.xml:22:5-20
MERGED from [com.android.support:support-v4:23.0.1] AndroidManifest.xml:22:5-20
MERGED from [com.android.support:cardview-v7:22.2.0] AndroidManifest.xml:22:5-20
MERGED from [com.android.support:support-v4:23.0.1] AndroidManifest.xml:22:5-20
MERGED from [com.facebook.android:facebook-android-sdk:4.8.0] AndroidManifest.xml:28:5-20
MERGED from [com.android.support:support-v4:23.0.1] AndroidManifest.xml:22:5-20
MERGED from [com.sromku:simple-fb:4.1.1] AndroidManifest.xml:12:5-20
MERGED from [com.facebook.android:facebook-android-sdk:4.8.0] AndroidManifest.xml:28:5-20
MERGED from [com.android.support:support-v4:23.0.1] AndroidManifest.xml:22:5-20
MERGED from [com.github.medyo:fancybuttons:1.6] AndroidManifest.xml:11:5-20
	android:label
		ADDED from ICEMAN-client\com.teamunemployment.breadcrumbs\AndroidManifest.xml:37:9-41
	android:allowBackup
		ADDED from ICEMAN-client\com.teamunemployment.breadcrumbs\AndroidManifest.xml:35:9-35
	android:icon
		ADDED from ICEMAN-client\com.teamunemployment.breadcrumbs\AndroidManifest.xml:36:9-38
	android:theme
		ADDED from ICEMAN-client\com.teamunemployment.breadcrumbs\AndroidManifest.xml:38:9-40
activity#com.teamunemployment.breadcrumbs.client.Main
ADDED from ICEMAN-client\com.teamunemployment.breadcrumbs\AndroidManifest.xml:39:9-48:20
	android:screenOrientation
		ADDED from ICEMAN-client\com.teamunemployment.breadcrumbs\AndroidManifest.xml:43:13-49
	android:label
		ADDED from ICEMAN-client\com.teamunemployment.breadcrumbs\AndroidManifest.xml:41:13-45
	android:exported
		ADDED from ICEMAN-client\com.teamunemployment.breadcrumbs\AndroidManifest.xml:42:13-36
	android:name
		ADDED from ICEMAN-client\com.teamunemployment.breadcrumbs\AndroidManifest.xml:40:13-40
intent-filter#android.intent.action.MAIN+android.intent.category.LAUNCHER
ADDED from ICEMAN-client\com.teamunemployment.breadcrumbs\AndroidManifest.xml:44:13-47:29
action#android.intent.action.MAIN
ADDED from ICEMAN-client\com.teamunemployment.breadcrumbs\AndroidManifest.xml:45:17-69
	android:name
		ADDED from ICEMAN-client\com.teamunemployment.breadcrumbs\AndroidManifest.xml:45:25-66
category#android.intent.category.LAUNCHER
ADDED from ICEMAN-client\com.teamunemployment.breadcrumbs\AndroidManifest.xml:46:17-77
	android:name
		ADDED from ICEMAN-client\com.teamunemployment.breadcrumbs\AndroidManifest.xml:46:27-74
receiver#com.teamunemployment.breadcrumbs.BootReciever.BootReceiver
ADDED from ICEMAN-client\com.teamunemployment.breadcrumbs\AndroidManifest.xml:51:9-55:20
	android:name
		ADDED from ICEMAN-client\com.teamunemployment.breadcrumbs\AndroidManifest.xml:51:19-60
intent-filter#android.intent.action.BOOT_COMPLETED
ADDED from ICEMAN-client\com.teamunemployment.breadcrumbs\AndroidManifest.xml:52:13-54:29
action#android.intent.action.BOOT_COMPLETED
ADDED from ICEMAN-client\com.teamunemployment.breadcrumbs\AndroidManifest.xml:53:17-78
	android:name
		ADDED from ICEMAN-client\com.teamunemployment.breadcrumbs\AndroidManifest.xml:53:25-76
receiver#com.google.android.gms.gcm.GcmReceiver
ADDED from ICEMAN-client\com.teamunemployment.breadcrumbs\AndroidManifest.xml:58:9-66:20
	android:exported
		ADDED from ICEMAN-client\com.teamunemployment.breadcrumbs\AndroidManifest.xml:60:13-36
	android:permission
		ADDED from ICEMAN-client\com.teamunemployment.breadcrumbs\AndroidManifest.xml:61:13-73
	android:name
		ADDED from ICEMAN-client\com.teamunemployment.breadcrumbs\AndroidManifest.xml:59:13-66
intent-filter#com.breadcrumbs.GCM+com.google.android.c2dm.intent.RECEIVE
ADDED from ICEMAN-client\com.teamunemployment.breadcrumbs\AndroidManifest.xml:62:13-65:29
action#com.google.android.c2dm.intent.RECEIVE
ADDED from ICEMAN-client\com.teamunemployment.breadcrumbs\AndroidManifest.xml:63:17-81
	android:name
		ADDED from ICEMAN-client\com.teamunemployment.breadcrumbs\AndroidManifest.xml:63:25-78
category#com.breadcrumbs.GCM
ADDED from ICEMAN-client\com.teamunemployment.breadcrumbs\AndroidManifest.xml:64:17-64
	android:name
		ADDED from ICEMAN-client\com.teamunemployment.breadcrumbs\AndroidManifest.xml:64:27-61
service#com.teamunemployment.breadcrumbs.GCM.BreadcrumbsGcmReceiver
ADDED from ICEMAN-client\com.teamunemployment.breadcrumbs\AndroidManifest.xml:70:9-76:19
	android:exported
		ADDED from ICEMAN-client\com.teamunemployment.breadcrumbs\AndroidManifest.xml:72:13-37
	android:name
		ADDED from ICEMAN-client\com.teamunemployment.breadcrumbs\AndroidManifest.xml:71:13-87
intent-filter#com.google.android.c2dm.intent.RECEIVE
ADDED from ICEMAN-client\com.teamunemployment.breadcrumbs\AndroidManifest.xml:73:13-75:29
service#com.teamunemployment.breadcrumbs.GCM.BreadcrumbsInstanceIdListenerService
ADDED from ICEMAN-client\com.teamunemployment.breadcrumbs\AndroidManifest.xml:80:9-86:19
	android:exported
		ADDED from ICEMAN-client\com.teamunemployment.breadcrumbs\AndroidManifest.xml:82:13-37
	android:name
		ADDED from ICEMAN-client\com.teamunemployment.breadcrumbs\AndroidManifest.xml:81:13-101
intent-filter#com.google.android.gms.iid.InstanceID
ADDED from ICEMAN-client\com.teamunemployment.breadcrumbs\AndroidManifest.xml:83:13-85:29
action#com.google.android.gms.iid.InstanceID
ADDED from ICEMAN-client\com.teamunemployment.breadcrumbs\AndroidManifest.xml:84:17-79
	android:name
		ADDED from ICEMAN-client\com.teamunemployment.breadcrumbs\AndroidManifest.xml:84:25-77
service#com.teamunemployment.breadcrumbs.GCM.RegistrationIntentService
ADDED from ICEMAN-client\com.teamunemployment.breadcrumbs\AndroidManifest.xml:88:9-91:19
	android:exported
		ADDED from ICEMAN-client\com.teamunemployment.breadcrumbs\AndroidManifest.xml:90:13-37
	android:name
		ADDED from ICEMAN-client\com.teamunemployment.breadcrumbs\AndroidManifest.xml:89:13-90
service#com.teamunemployment.breadcrumbs.BootReciever.BootloaderService
ADDED from ICEMAN-client\com.teamunemployment.breadcrumbs\AndroidManifest.xml:92:9-100
	android:exported
		ADDED from ICEMAN-client\com.teamunemployment.breadcrumbs\AndroidManifest.xml:92:65-89
	android:name
		ADDED from ICEMAN-client\com.teamunemployment.breadcrumbs\AndroidManifest.xml:92:18-64
activity#com.teamunemployment.breadcrumbs.client.TrailManager
ADDED from ICEMAN-client\com.teamunemployment.breadcrumbs\AndroidManifest.xml:93:9-95:20
	android:screenOrientation
		ADDED from ICEMAN-client\com.teamunemployment.breadcrumbs\AndroidManifest.xml:94:13-49
	android:name
		ADDED from ICEMAN-client\com.teamunemployment.breadcrumbs\AndroidManifest.xml:93:19-54
activity#com.teamunemployment.breadcrumbs.client.BaseViewModel
ADDED from ICEMAN-client\com.teamunemployment.breadcrumbs\AndroidManifest.xml:96:9-99:14
	android:screenOrientation
		ADDED from ICEMAN-client\com.teamunemployment.breadcrumbs\AndroidManifest.xml:98:13-49
	android:name
		ADDED from ICEMAN-client\com.teamunemployment.breadcrumbs\AndroidManifest.xml:97:13-49
activity#com.teamunemployment.breadcrumbs.client.CrumbViewer.CommentViewer
ADDED from ICEMAN-client\com.teamunemployment.breadcrumbs\AndroidManifest.xml:100:9-102:20
	android:screenOrientation
		ADDED from ICEMAN-client\com.teamunemployment.breadcrumbs\AndroidManifest.xml:101:19-55
	android:name
		ADDED from ICEMAN-client\com.teamunemployment.breadcrumbs\AndroidManifest.xml:100:19-67
activity#com.teamunemployment.breadcrumbs.Trails.CreateTrail
ADDED from ICEMAN-client\com.teamunemployment.breadcrumbs\AndroidManifest.xml:103:9-105:20
	android:screenOrientation
		ADDED from ICEMAN-client\com.teamunemployment.breadcrumbs\AndroidManifest.xml:104:19-55
	android:name
		ADDED from ICEMAN-client\com.teamunemployment.breadcrumbs\AndroidManifest.xml:103:19-53
activity#com.teamunemployment.breadcrumbs.Trails.EditMyTrail
ADDED from ICEMAN-client\com.teamunemployment.breadcrumbs\AndroidManifest.xml:106:9-108:20
	android:screenOrientation
		ADDED from ICEMAN-client\com.teamunemployment.breadcrumbs\AndroidManifest.xml:107:13-49
	android:name
		ADDED from ICEMAN-client\com.teamunemployment.breadcrumbs\AndroidManifest.xml:106:19-53
activity#com.teamunemployment.breadcrumbs.client.TrailActivity
ADDED from ICEMAN-client\com.teamunemployment.breadcrumbs\AndroidManifest.xml:109:9-112:20
	android:screenOrientation
		ADDED from ICEMAN-client\com.teamunemployment.breadcrumbs\AndroidManifest.xml:111:13-49
	android:name
		ADDED from ICEMAN-client\com.teamunemployment.breadcrumbs\AndroidManifest.xml:110:13-49
activity#com.teamunemployment.breadcrumbs.client.ProfilePageViewer
ADDED from ICEMAN-client\com.teamunemployment.breadcrumbs\AndroidManifest.xml:113:9-71
	android:name
		ADDED from ICEMAN-client\com.teamunemployment.breadcrumbs\AndroidManifest.xml:113:19-59
activity#com.teamunemployment.breadcrumbs.client.SelectedEventViewerBase
ADDED from ICEMAN-client\com.teamunemployment.breadcrumbs\AndroidManifest.xml:114:9-117:20
	android:screenOrientation
		ADDED from ICEMAN-client\com.teamunemployment.breadcrumbs\AndroidManifest.xml:116:13-49
	android:name
		ADDED from ICEMAN-client\com.teamunemployment.breadcrumbs\AndroidManifest.xml:115:13-59
activity#com.teamunemployment.breadcrumbs.client.ImageViewer
ADDED from ICEMAN-client\com.teamunemployment.breadcrumbs\AndroidManifest.xml:118:10-121:21
	android:windowSoftInputMode
		ADDED from ICEMAN-client\com.teamunemployment.breadcrumbs\AndroidManifest.xml:120:14-55
	android:screenOrientation
		ADDED from ICEMAN-client\com.teamunemployment.breadcrumbs\AndroidManifest.xml:119:13-49
	android:name
		ADDED from ICEMAN-client\com.teamunemployment.breadcrumbs\AndroidManifest.xml:118:20-86
activity#com.teamunemployment.breadcrumbs.client.Camera.CameraCapture
ADDED from ICEMAN-client\com.teamunemployment.breadcrumbs\AndroidManifest.xml:122:9-123:20
	android:name
		ADDED from ICEMAN-client\com.teamunemployment.breadcrumbs\AndroidManifest.xml:122:19-62
activity#com.teamunemployment.breadcrumbs.client.BreadCrumbsImageSelector
ADDED from ICEMAN-client\com.teamunemployment.breadcrumbs\AndroidManifest.xml:124:9-125:61
	android:screenOrientation
		ADDED from ICEMAN-client\com.teamunemployment.breadcrumbs\AndroidManifest.xml:125:13-49
	android:name
		ADDED from ICEMAN-client\com.teamunemployment.breadcrumbs\AndroidManifest.xml:124:19-66
activity#com.teamunemployment.breadcrumbs.client.CrumbViewer.CrumbsHolder
ADDED from ICEMAN-client\com.teamunemployment.breadcrumbs\AndroidManifest.xml:126:9-78
	android:name
		ADDED from ICEMAN-client\com.teamunemployment.breadcrumbs\AndroidManifest.xml:126:19-66
activity#com.teamunemployment.breadcrumbs.client.tabs.SaveEventFragment
ADDED from ICEMAN-client\com.teamunemployment.breadcrumbs\AndroidManifest.xml:127:9-129:20
	android:screenOrientation
		ADDED from ICEMAN-client\com.teamunemployment.breadcrumbs\AndroidManifest.xml:128:17-53
	android:name
		ADDED from ICEMAN-client\com.teamunemployment.breadcrumbs\AndroidManifest.xml:127:19-96
activity#com.teamunemployment.breadcrumbs.client.Maps.MapViewer
ADDED from ICEMAN-client\com.teamunemployment.breadcrumbs\AndroidManifest.xml:130:13-132:20
	android:screenOrientation
		ADDED from ICEMAN-client\com.teamunemployment.breadcrumbs\AndroidManifest.xml:131:17-53
	android:name
		ADDED from ICEMAN-client\com.teamunemployment.breadcrumbs\AndroidManifest.xml:130:23-60
activity#com.teamunemployment.breadcrumbs.client.SplashScreen
ADDED from ICEMAN-client\com.teamunemployment.breadcrumbs\AndroidManifest.xml:133:9-135:20
	android:screenOrientation
		ADDED from ICEMAN-client\com.teamunemployment.breadcrumbs\AndroidManifest.xml:134:13-49
	android:name
		ADDED from ICEMAN-client\com.teamunemployment.breadcrumbs\AndroidManifest.xml:133:19-54
activity#com.teamunemployment.breadcrumbs.client.ImageChooser.ImageChooserTabWrapper
ADDED from ICEMAN-client\com.teamunemployment.breadcrumbs\AndroidManifest.xml:136:9-138:20
	android:screenOrientation
		ADDED from ICEMAN-client\com.teamunemployment.breadcrumbs\AndroidManifest.xml:137:13-49
	android:name
		ADDED from ICEMAN-client\com.teamunemployment.breadcrumbs\AndroidManifest.xml:136:19-77
activity#com.facebook.FacebookActivity
ADDED from ICEMAN-client\com.teamunemployment.breadcrumbs\AndroidManifest.xml:139:9-143:48
	android:label
		ADDED from ICEMAN-client\com.teamunemployment.breadcrumbs\AndroidManifest.xml:143:13-45
	android:configChanges
		ADDED from ICEMAN-client\com.teamunemployment.breadcrumbs\AndroidManifest.xml:140:13-113
	android:theme
		ADDED from ICEMAN-client\com.teamunemployment.breadcrumbs\AndroidManifest.xml:142:13-72
	android:name
		ADDED from ICEMAN-client\com.teamunemployment.breadcrumbs\AndroidManifest.xml:139:19-63
activity#com.teamunemployment.breadcrumbs.client.Settings
ADDED from ICEMAN-client\com.teamunemployment.breadcrumbs\AndroidManifest.xml:144:9-62
	android:name
		ADDED from ICEMAN-client\com.teamunemployment.breadcrumbs\AndroidManifest.xml:144:19-50
activity#com.teamunemployment.breadcrumbs.client.tabs.SaveVideoActivity
ADDED from ICEMAN-client\com.teamunemployment.breadcrumbs\AndroidManifest.xml:145:13-146:20
	android:name
		ADDED from ICEMAN-client\com.teamunemployment.breadcrumbs\AndroidManifest.xml:145:23-68
activity#com.teamunemployment.breadcrumbs.client.Maps.MapViewController
ADDED from ICEMAN-client\com.teamunemployment.breadcrumbs\AndroidManifest.xml:147:9-149:20
	android:screenOrientation
		ADDED from ICEMAN-client\com.teamunemployment.breadcrumbs\AndroidManifest.xml:148:17-53
	android:name
		ADDED from ICEMAN-client\com.teamunemployment.breadcrumbs\AndroidManifest.xml:147:19-64
activity#com.teamunemployment.breadcrumbs.client.ProfilePicChooser
ADDED from ICEMAN-client\com.teamunemployment.breadcrumbs\AndroidManifest.xml:150:9-152:20
	android:screenOrientation
		ADDED from ICEMAN-client\com.teamunemployment.breadcrumbs\AndroidManifest.xml:151:13-49
	android:name
		ADDED from ICEMAN-client\com.teamunemployment.breadcrumbs\AndroidManifest.xml:150:19-59
activity#com.teamunemployment.breadcrumbs.client.OverflowNavigationDrawer
ADDED from ICEMAN-client\com.teamunemployment.breadcrumbs\AndroidManifest.xml:153:9-155:20
	android:screenOrientation
		ADDED from ICEMAN-client\com.teamunemployment.breadcrumbs\AndroidManifest.xml:154:13-49
	android:name
		ADDED from ICEMAN-client\com.teamunemployment.breadcrumbs\AndroidManifest.xml:153:19-98
activity#com.teamunemployment.breadcrumbs.client.EditExistingTrail
ADDED from ICEMAN-client\com.teamunemployment.breadcrumbs\AndroidManifest.xml:156:9-158:20
	android:screenOrientation
		ADDED from ICEMAN-client\com.teamunemployment.breadcrumbs\AndroidManifest.xml:157:13-49
	android:name
		ADDED from ICEMAN-client\com.teamunemployment.breadcrumbs\AndroidManifest.xml:156:19-59
activity#com.teamunemployment.breadcrumbs.client.About
ADDED from ICEMAN-client\com.teamunemployment.breadcrumbs\AndroidManifest.xml:159:9-161:20
	android:screenOrientation
		ADDED from ICEMAN-client\com.teamunemployment.breadcrumbs\AndroidManifest.xml:160:13-49
	android:name
		ADDED from ICEMAN-client\com.teamunemployment.breadcrumbs\AndroidManifest.xml:159:19-47
activity#com.teamunemployment.breadcrumbs.client.ImageChooser.TrailCoverImageSelector
ADDED from ICEMAN-client\com.teamunemployment.breadcrumbs\AndroidManifest.xml:162:9-163:61
	android:screenOrientation
		ADDED from ICEMAN-client\com.teamunemployment.breadcrumbs\AndroidManifest.xml:163:13-49
	android:name